This is pdfTeX, Version 3.141592653-2.6-1.40.22 (TeX Live 2021/W32TeX) (preloaded format=pdflatex 2021.4.3)  25 APR 2021 23:10
entering extended mode
 restricted \write18 enabled.
 %&-line parsing enabled.
**"Project A.tex"
(./Project A.tex
LaTeX2e <2020-10-01> patch level 4
L3 programming layer <2021-02-18>
(c:/texlive/2021/texmf-dist/tex/latex/base/article.cls
Document Class: article 2020/04/10 v1.4m Standard LaTeX document class
(c:/texlive/2021/texmf-dist/tex/latex/base/size10.clo
File: size10.clo 2020/04/10 v1.4m Standard LaTeX file (size option)
)
\c@part=\count179
\c@section=\count180
\c@subsection=\count181
\c@subsubsection=\count182
\c@paragraph=\count183
\c@subparagraph=\count184
\c@figure=\count185
\c@table=\count186
\abovecaptionskip=\skip47
\belowcaptionskip=\skip48
\bibindent=\dimen138
)
(c:/texlive/2021/texmf-dist/tex/generic/babel/babel.sty
Package: babel 2021/03/24 3.56 The Babel package

(c:/texlive/2021/texmf-dist/tex/generic/babel/babel.def
File: babel.def 2021/03/24 3.56 Babel common definitions
\babel@savecnt=\count187
\U@D=\dimen139
\l@babelnohyphens=\language87

(c:/texlive/2021/texmf-dist/tex/generic/babel/txtbabel.def)
\bbl@readstream=\read2
)
\bbl@dirlevel=\count188

(c:/texlive/2021/texmf-dist/tex/generic/babel-english/english.ldf
Language: english 2017/06/06 v3.3r English support from the babel system
Package babel Info: \l@canadian = using hyphenrules for english
(babel)             (\language0) on input line 102.
Package babel Info: \l@australian = using hyphenrules for ukenglish
(babel)             (\language21) on input line 105.
Package babel Info: \l@newzealand = using hyphenrules for ukenglish
(babel)             (\language21) on input line 108.
)
(c:/texlive/2021/texmf-dist/tex/generic/babel-russian/russianb.ldf
File: russianb.ldf 2021/01/10 1.3m Russian support for the Babel system
Language: russian 2020/09/09 1.3k Russian support for the Babel system


Package babel Warning: No Cyrillic font encoding has been loaded so far.
(babel)                A font encoding should be declared before babel.
(babel)                Default `T2A' encoding will be loaded  on input line 78.


(c:/texlive/2021/texmf-dist/tex/latex/cyrillic/t2aenc.def
File: t2aenc.def 2005/09/27 v1.0i Cyrillic encoding definition file
Now handling font encoding T2A ...
... processing UTF-8 mapping file for font encoding T2A

(c:/texlive/2021/texmf-dist/tex/latex/base/t2aenc.dfu
File: t2aenc.dfu 2019/11/14 v1.2k UTF-8 support for inputenc
   defining Unicode char U+00A4 (decimal 164)
   defining Unicode char U+00A7 (decimal 167)
   defining Unicode char U+00AB (decimal 171)
   defining Unicode char U+00BB (decimal 187)
   defining Unicode char U+0131 (decimal 305)
   defining Unicode char U+0237 (decimal 567)
   defining Unicode char U+0400 (decimal 1024)
   defining Unicode char U+0401 (decimal 1025)
   defining Unicode char U+0402 (decimal 1026)
   defining Unicode char U+0403 (decimal 1027)
   defining Unicode char U+0404 (decimal 1028)
   defining Unicode char U+0405 (decimal 1029)
   defining Unicode char U+0406 (decimal 1030)
   defining Unicode char U+0407 (decimal 1031)
   defining Unicode char U+0408 (decimal 1032)
   defining Unicode char U+0409 (decimal 1033)
   defining Unicode char U+040A (decimal 1034)
   defining Unicode char U+040B (decimal 1035)
   defining Unicode char U+040C (decimal 1036)
   defining Unicode char U+040D (decimal 1037)
   defining Unicode char U+040E (decimal 1038)
   defining Unicode char U+040F (decimal 1039)
   defining Unicode char U+0410 (decimal 1040)
   defining Unicode char U+0411 (decimal 1041)
   defining Unicode char U+0412 (decimal 1042)
   defining Unicode char U+0413 (decimal 1043)
   defining Unicode char U+0414 (decimal 1044)
   defining Unicode char U+0415 (decimal 1045)
   defining Unicode char U+0416 (decimal 1046)
   defining Unicode char U+0417 (decimal 1047)
   defining Unicode char U+0418 (decimal 1048)
   defining Unicode char U+0419 (decimal 1049)
   defining Unicode char U+041A (decimal 1050)
   defining Unicode char U+041B (decimal 1051)
   defining Unicode char U+041C (decimal 1052)
   defining Unicode char U+041D (decimal 1053)
   defining Unicode char U+041E (decimal 1054)
   defining Unicode char U+041F (decimal 1055)
   defining Unicode char U+0420 (decimal 1056)
   defining Unicode char U+0421 (decimal 1057)
   defining Unicode char U+0422 (decimal 1058)
   defining Unicode char U+0423 (decimal 1059)
   defining Unicode char U+0424 (decimal 1060)
   defining Unicode char U+0425 (decimal 1061)
   defining Unicode char U+0426 (decimal 1062)
   defining Unicode char U+0427 (decimal 1063)
   defining Unicode char U+0428 (decimal 1064)
   defining Unicode char U+0429 (decimal 1065)
   defining Unicode char U+042A (decimal 1066)
   defining Unicode char U+042B (decimal 1067)
   defining Unicode char U+042C (decimal 1068)
   defining Unicode char U+042D (decimal 1069)
   defining Unicode char U+042E (decimal 1070)
   defining Unicode char U+042F (decimal 1071)
   defining Unicode char U+0430 (decimal 1072)
   defining Unicode char U+0431 (decimal 1073)
   defining Unicode char U+0432 (decimal 1074)
   defining Unicode char U+0433 (decimal 1075)
   defining Unicode char U+0434 (decimal 1076)
   defining Unicode char U+0435 (decimal 1077)
   defining Unicode char U+0436 (decimal 1078)
   defining Unicode char U+0437 (decimal 1079)
   defining Unicode char U+0438 (decimal 1080)
   defining Unicode char U+0439 (decimal 1081)
   defining Unicode char U+043A (decimal 1082)
   defining Unicode char U+043B (decimal 1083)
   defining Unicode char U+043C (decimal 1084)
   defining Unicode char U+043D (decimal 1085)
   defining Unicode char U+043E (decimal 1086)
   defining Unicode char U+043F (decimal 1087)
   defining Unicode char U+0440 (decimal 1088)
   defining Unicode char U+0441 (decimal 1089)
   defining Unicode char U+0442 (decimal 1090)
   defining Unicode char U+0443 (decimal 1091)
   defining Unicode char U+0444 (decimal 1092)
   defining Unicode char U+0445 (decimal 1093)
   defining Unicode char U+0446 (decimal 1094)
   defining Unicode char U+0447 (decimal 1095)
   defining Unicode char U+0448 (decimal 1096)
   defining Unicode char U+0449 (decimal 1097)
   defining Unicode char U+044A (decimal 1098)
   defining Unicode char U+044B (decimal 1099)
   defining Unicode char U+044C (decimal 1100)
   defining Unicode char U+044D (decimal 1101)
   defining Unicode char U+044E (decimal 1102)
   defining Unicode char U+044F (decimal 1103)
   defining Unicode char U+0450 (decimal 1104)
   defining Unicode char U+0451 (decimal 1105)
   defining Unicode char U+0452 (decimal 1106)
   defining Unicode char U+0453 (decimal 1107)
   defining Unicode char U+0454 (decimal 1108)
   defining Unicode char U+0455 (decimal 1109)
   defining Unicode char U+0456 (decimal 1110)
   defining Unicode char U+0457 (decimal 1111)
   defining Unicode char U+0458 (decimal 1112)
   defining Unicode char U+0459 (decimal 1113)
   defining Unicode char U+045A (decimal 1114)
   defining Unicode char U+045B (decimal 1115)
   defining Unicode char U+045C (decimal 1116)
   defining Unicode char U+045D (decimal 1117)
   defining Unicode char U+045E (decimal 1118)
   defining Unicode char U+045F (decimal 1119)
   defining Unicode char U+0490 (decimal 1168)
   defining Unicode char U+0491 (decimal 1169)
   defining Unicode char U+0492 (decimal 1170)
   defining Unicode char U+0493 (decimal 1171)
   defining Unicode char U+0496 (decimal 1174)
   defining Unicode char U+0497 (decimal 1175)
   defining Unicode char U+0498 (decimal 1176)
   defining Unicode char U+0499 (decimal 1177)
   defining Unicode char U+049A (decimal 1178)
   defining Unicode char U+049B (decimal 1179)
   defining Unicode char U+049C (decimal 1180)
   defining Unicode char U+049D (decimal 1181)
   defining Unicode char U+04A0 (decimal 1184)
   defining Unicode char U+04A1 (decimal 1185)
   defining Unicode char U+04A2 (decimal 1186)
   defining Unicode char U+04A3 (decimal 1187)
   defining Unicode char U+04A4 (decimal 1188)
   defining Unicode char U+04A5 (decimal 1189)
   defining Unicode char U+04AA (decimal 1194)
   defining Unicode char U+04AB (decimal 1195)
   defining Unicode char U+04AE (decimal 1198)
   defining Unicode char U+04AF (decimal 1199)
   defining Unicode char U+04B0 (decimal 1200)
   defining Unicode char U+04B1 (decimal 1201)
   defining Unicode char U+04B2 (decimal 1202)
   defining Unicode char U+04B3 (decimal 1203)
   defining Unicode char U+04B6 (decimal 1206)
   defining Unicode char U+04B7 (decimal 1207)
   defining Unicode char U+04B8 (decimal 1208)
   defining Unicode char U+04B9 (decimal 1209)
   defining Unicode char U+04BA (decimal 1210)
   defining Unicode char U+04BB (decimal 1211)
   defining Unicode char U+04C0 (decimal 1216)
   defining Unicode char U+04C1 (decimal 1217)
   defining Unicode char U+04C2 (decimal 1218)
   defining Unicode char U+04D0 (decimal 1232)
   defining Unicode char U+04D1 (decimal 1233)
   defining Unicode char U+04D2 (decimal 1234)
   defining Unicode char U+04D3 (decimal 1235)
   defining Unicode char U+04D4 (decimal 1236)
   defining Unicode char U+04D5 (decimal 1237)
   defining Unicode char U+04D6 (decimal 1238)
   defining Unicode char U+04D7 (decimal 1239)
   defining Unicode char U+04D8 (decimal 1240)
   defining Unicode char U+04D9 (decimal 1241)
   defining Unicode char U+04DA (decimal 1242)
   defining Unicode char U+04DB (decimal 1243)
   defining Unicode char U+04DC (decimal 1244)
   defining Unicode char U+04DD (decimal 1245)
   defining Unicode char U+04DE (decimal 1246)
   defining Unicode char U+04DF (decimal 1247)
   defining Unicode char U+04E2 (decimal 1250)
   defining Unicode char U+04E3 (decimal 1251)
   defining Unicode char U+04E4 (decimal 1252)
   defining Unicode char U+04E5 (decimal 1253)
   defining Unicode char U+04E6 (decimal 1254)
   defining Unicode char U+04E7 (decimal 1255)
   defining Unicode char U+04E8 (decimal 1256)
   defining Unicode char U+04E9 (decimal 1257)
   defining Unicode char U+04EC (decimal 1260)
   defining Unicode char U+04ED (decimal 1261)
   defining Unicode char U+04EE (decimal 1262)
   defining Unicode char U+04EF (decimal 1263)
   defining Unicode char U+04F0 (decimal 1264)
   defining Unicode char U+04F1 (decimal 1265)
   defining Unicode char U+04F2 (decimal 1266)
   defining Unicode char U+04F3 (decimal 1267)
   defining Unicode char U+04F4 (decimal 1268)
   defining Unicode char U+04F5 (decimal 1269)
   defining Unicode char U+04F8 (decimal 1272)
   defining Unicode char U+04F9 (decimal 1273)
   defining Unicode char U+200C (decimal 8204)
   defining Unicode char U+2013 (decimal 8211)
   defining Unicode char U+2014 (decimal 8212)
   defining Unicode char U+2018 (decimal 8216)
   defining Unicode char U+2019 (decimal 8217)
   defining Unicode char U+201C (decimal 8220)
   defining Unicode char U+201D (decimal 8221)
   defining Unicode char U+201E (decimal 8222)
   defining Unicode char U+2030 (decimal 8240)
   defining Unicode char U+2031 (decimal 8241)
   defining Unicode char U+2116 (decimal 8470)
   defining Unicode char U+2329 (decimal 9001)
   defining Unicode char U+232A (decimal 9002)
   defining Unicode char U+2423 (decimal 9251)
   defining Unicode char U+27E8 (decimal 10216)
   defining Unicode char U+27E9 (decimal 10217)
   defining Unicode char U+FB00 (decimal 64256)
   defining Unicode char U+FB01 (decimal 64257)
   defining Unicode char U+FB02 (decimal 64258)
   defining Unicode char U+FB03 (decimal 64259)
   defining Unicode char U+FB04 (decimal 64260)
   defining Unicode char U+FB05 (decimal 64261)
   defining Unicode char U+FB06 (decimal 64262)
))
Package babel Info: Making " an active character on input line 124.
Package babel Info: Default for \cyrdash is provided on input line 163.
))
(c:/texlive/2021/texmf-dist/tex/latex/geometry/geometry.sty
Package: geometry 2020/01/02 v5.9 Page Geometry

(c:/texlive/2021/texmf-dist/tex/latex/graphics/keyval.sty
Package: keyval 2014/10/28 v1.15 key=value parser (DPC)
\KV@toks@=\toks15
)
(c:/texlive/2021/texmf-dist/tex/generic/iftex/ifvtex.sty
Package: ifvtex 2019/10/25 v1.7 ifvtex legacy package. Use iftex instead.

(c:/texlive/2021/texmf-dist/tex/generic/iftex/iftex.sty
Package: iftex 2020/03/06 v1.0d TeX engine tests
))
\Gm@cnth=\count189
\Gm@cntv=\count190
\c@Gm@tempcnt=\count191
\Gm@bindingoffset=\dimen140
\Gm@wd@mp=\dimen141
\Gm@odd@mp=\dimen142
\Gm@even@mp=\dimen143
\Gm@layoutwidth=\dimen144
\Gm@layoutheight=\dimen145
\Gm@layouthoffset=\dimen146
\Gm@layoutvoffset=\dimen147
\Gm@dimlist=\toks16
)
(c:/texlive/2021/texmf-dist/tex/latex/graphics/graphicx.sty
Package: graphicx 2020/09/09 v1.2b Enhanced LaTeX Graphics (DPC,SPQR)

(c:/texlive/2021/texmf-dist/tex/latex/graphics/graphics.sty
Package: graphics 2020/08/30 v1.4c Standard LaTeX Graphics (DPC,SPQR)

(c:/texlive/2021/texmf-dist/tex/latex/graphics/trig.sty
Package: trig 2016/01/03 v1.10 sin cos tan (DPC)
)
(c:/texlive/2021/texmf-dist/tex/latex/graphics-cfg/graphics.cfg
File: graphics.cfg 2016/06/04 v1.11 sample graphics configuration
)
Package graphics Info: Driver file: pdftex.def on input line 105.

(c:/texlive/2021/texmf-dist/tex/latex/graphics-def/pdftex.def
File: pdftex.def 2020/10/05 v1.2a Graphics/color driver for pdftex
))
\Gin@req@height=\dimen148
\Gin@req@width=\dimen149
)
(c:/texlive/2021/texmf-dist/tex/latex/amsfonts/amsfonts.sty
Package: amsfonts 2013/01/14 v3.01 Basic AMSFonts support
\@emptytoks=\toks17
\symAMSa=\mathgroup4
\symAMSb=\mathgroup5
LaTeX Font Info:    Redeclaring math symbol \hbar on input line 98.
LaTeX Font Info:    Overwriting math alphabet `\mathfrak' in version `bold'
(Font)                  U/euf/m/n --> U/euf/b/n on input line 106.
)
(c:/texlive/2021/texmf-dist/tex/latex/amsfonts/amssymb.sty
Package: amssymb 2013/01/14 v3.01 AMS font symbols
)
(c:/texlive/2021/texmf-dist/tex/latex/amsmath/amsmath.sty
Package: amsmath 2020/09/23 v2.17i AMS math features
\@mathmargin=\skip49

For additional information on amsmath, use the `?' option.
(c:/texlive/2021/texmf-dist/tex/latex/amsmath/amstext.sty
Package: amstext 2000/06/29 v2.01 AMS text

(c:/texlive/2021/texmf-dist/tex/latex/amsmath/amsgen.sty
File: amsgen.sty 1999/11/30 v2.0 generic functions
\@emptytoks=\toks18
\ex@=\dimen150
))
(c:/texlive/2021/texmf-dist/tex/latex/amsmath/amsbsy.sty
Package: amsbsy 1999/11/29 v1.2d Bold Symbols
\pmbraise@=\dimen151
)
(c:/texlive/2021/texmf-dist/tex/latex/amsmath/amsopn.sty
Package: amsopn 2016/03/08 v2.02 operator names
)
\inf@bad=\count192
LaTeX Info: Redefining \frac on input line 234.
\uproot@=\count193
\leftroot@=\count194
LaTeX Info: Redefining \overline on input line 399.
\classnum@=\count195
\DOTSCASE@=\count196
LaTeX Info: Redefining \ldots on input line 496.
LaTeX Info: Redefining \dots on input line 499.
LaTeX Info: Redefining \cdots on input line 620.
\Mathstrutbox@=\box47
\strutbox@=\box48
\big@size=\dimen152
LaTeX Font Info:    Redeclaring font encoding OML on input line 743.
LaTeX Font Info:    Redeclaring font encoding OMS on input line 744.
\macc@depth=\count197
\c@MaxMatrixCols=\count198
\dotsspace@=\muskip16
\c@parentequation=\count199
\dspbrk@lvl=\count266
\tag@help=\toks19
\row@=\count267
\column@=\count268
\maxfields@=\count269
\andhelp@=\toks20
\eqnshift@=\dimen153
\alignsep@=\dimen154
\tagshift@=\dimen155
\tagwidth@=\dimen156
\totwidth@=\dimen157
\lineht@=\dimen158
\@envbody=\toks21
\multlinegap=\skip50
\multlinetaggap=\skip51
\mathdisplay@stack=\toks22
LaTeX Info: Redefining \[ on input line 2923.
LaTeX Info: Redefining \] on input line 2924.
)
(c:/texlive/2021/texmf-dist/tex/latex/setspace/setspace.sty
Package: setspace 2011/12/19 v6.7a set line spacing
)
(c:/texlive/2021/texmf-dist/tex/generic/soulutf8/soulutf8.sty
Package: soulutf8 2019/12/15 v1.2 Permit use of UTF-8 characters in soul (HO)

(c:/texlive/2021/texmf-dist/tex/generic/soul/soul.sty
Package: soul 2003/11/17 v2.4 letterspacing/underlining (mf)
\SOUL@word=\toks23
\SOUL@lasttoken=\toks24
\SOUL@cmds=\toks25
\SOUL@buffer=\toks26
\SOUL@token=\toks27
\SOUL@spaceskip=\skip52
\SOUL@ttwidth=\dimen159
\SOUL@uldp=\dimen160
\SOUL@ulht=\dimen161
)
(c:/texlive/2021/texmf-dist/tex/generic/infwarerr/infwarerr.sty
Package: infwarerr 2019/12/03 v1.5 Providing info/warning/error messages (HO)
)
(c:/texlive/2021/texmf-dist/tex/generic/etexcmds/etexcmds.sty
Package: etexcmds 2019/12/15 v1.7 Avoid name clashes with e-TeX commands (HO)
))
(c:/texlive/2021/texmf-dist/tex/latex/tools/xspace.sty
Package: xspace 2014/10/28 v1.13 Space after command names (DPC,MH)
)
(c:/texlive/2021/texmf-dist/tex/latex/was/upgreek.sty
Package: upgreek 2003/02/12 v2.0 (WaS)
Package upgreek Info: Using Euler Roman for upright Greek on input line 31.
\symugrf@m=\mathgroup6
LaTeX Font Info:    Overwriting symbol font `ugrf@m' in version `bold'
(Font)                  U/eur/m/n --> U/eur/b/n on input line 38.
)
(c:/texlive/2021/texmf-dist/tex/latex/hyperref/hyperref.sty
Package: hyperref 2021-02-27 v7.00k Hypertext links for LaTeX

(c:/texlive/2021/texmf-dist/tex/generic/ltxcmds/ltxcmds.sty
Package: ltxcmds 2020-05-10 v1.25 LaTeX kernel commands for general use (HO)
)
(c:/texlive/2021/texmf-dist/tex/generic/pdftexcmds/pdftexcmds.sty
Package: pdftexcmds 2020-06-27 v0.33 Utility functions of pdfTeX for LuaTeX (HO
)
Package pdftexcmds Info: \pdf@primitive is available.
Package pdftexcmds Info: \pdf@ifprimitive is available.
Package pdftexcmds Info: \pdfdraftmode found.
)
(c:/texlive/2021/texmf-dist/tex/generic/kvsetkeys/kvsetkeys.sty
Package: kvsetkeys 2019/12/15 v1.18 Key value parser (HO)
)
(c:/texlive/2021/texmf-dist/tex/generic/kvdefinekeys/kvdefinekeys.sty
Package: kvdefinekeys 2019-12-19 v1.6 Define keys (HO)
)
(c:/texlive/2021/texmf-dist/tex/generic/pdfescape/pdfescape.sty
Package: pdfescape 2019/12/09 v1.15 Implements pdfTeX's escape features (HO)
)
(c:/texlive/2021/texmf-dist/tex/latex/hycolor/hycolor.sty
Package: hycolor 2020-01-27 v1.10 Color options for hyperref/bookmark (HO)
)
(c:/texlive/2021/texmf-dist/tex/latex/letltxmacro/letltxmacro.sty
Package: letltxmacro 2019/12/03 v1.6 Let assignment for LaTeX macros (HO)
)
(c:/texlive/2021/texmf-dist/tex/latex/auxhook/auxhook.sty
Package: auxhook 2019-12-17 v1.6 Hooks for auxiliary files (HO)
)
(c:/texlive/2021/texmf-dist/tex/latex/kvoptions/kvoptions.sty
Package: kvoptions 2020-10-07 v3.14 Key value format for package options (HO)
)
\@linkdim=\dimen162
\Hy@linkcounter=\count270
\Hy@pagecounter=\count271

(c:/texlive/2021/texmf-dist/tex/latex/hyperref/pd1enc.def
File: pd1enc.def 2021-02-27 v7.00k Hyperref: PDFDocEncoding definition (HO)
Now handling font encoding PD1 ...
... no UTF-8 mapping file for font encoding PD1
)
(c:/texlive/2021/texmf-dist/tex/latex/hyperref/hyperref-langpatches.def
File: hyperref-langpatches.def 2021-02-27 v7.00k Hyperref: patches for babel la
nguages
)
(c:/texlive/2021/texmf-dist/tex/generic/intcalc/intcalc.sty
Package: intcalc 2019/12/15 v1.3 Expandable calculations with integers (HO)
)
\Hy@SavedSpaceFactor=\count272

(c:/texlive/2021/texmf-dist/tex/latex/hyperref/puenc.def
File: puenc.def 2021-02-27 v7.00k Hyperref: PDF Unicode definition (HO)
Now handling font encoding PU ...
... no UTF-8 mapping file for font encoding PU
)
Package hyperref Info: Option `unicode' set `true' on input line 3167.
Package hyperref Info: Hyper figures OFF on input line 4192.
Package hyperref Info: Link nesting OFF on input line 4197.
Package hyperref Info: Hyper index ON on input line 4200.
Package hyperref Info: Plain pages OFF on input line 4207.
Package hyperref Info: Backreferencing OFF on input line 4212.
Package hyperref Info: Implicit mode ON; LaTeX internals redefined.
Package hyperref Info: Bookmarks ON on input line 4445.
\c@Hy@tempcnt=\count273

(c:/texlive/2021/texmf-dist/tex/latex/url/url.sty
\Urlmuskip=\muskip17
Package: url 2013/09/16  ver 3.4  Verb mode for urls, etc.
)
LaTeX Info: Redefining \url on input line 4804.
\XeTeXLinkMargin=\dimen163

(c:/texlive/2021/texmf-dist/tex/generic/bitset/bitset.sty
Package: bitset 2019/12/09 v1.3 Handle bit-vector datatype (HO)

(c:/texlive/2021/texmf-dist/tex/generic/bigintcalc/bigintcalc.sty
Package: bigintcalc 2019/12/15 v1.5 Expandable calculations on big integers (HO
)
))
\Fld@menulength=\count274
\Field@Width=\dimen164
\Fld@charsize=\dimen165
Package hyperref Info: Hyper figures OFF on input line 6075.
Package hyperref Info: Link nesting OFF on input line 6080.
Package hyperref Info: Hyper index ON on input line 6083.
Package hyperref Info: backreferencing OFF on input line 6090.
Package hyperref Info: Link coloring OFF on input line 6095.
Package hyperref Info: Link coloring with OCG OFF on input line 6100.
Package hyperref Info: PDF/A mode OFF on input line 6105.
LaTeX Info: Redefining \ref on input line 6145.
LaTeX Info: Redefining \pageref on input line 6149.

(c:/texlive/2021/texmf-dist/tex/latex/base/atbegshi-ltx.sty
Package: atbegshi-ltx 2020/08/17 v1.0a Emulation of the original atbegshi packa
ge
with kernel methods
)
\Hy@abspage=\count275
\c@Item=\count276
\c@Hfootnote=\count277
)
Package hyperref Info: Driver (autodetected): hpdftex.

(c:/texlive/2021/texmf-dist/tex/latex/hyperref/hpdftex.def
File: hpdftex.def 2021-02-27 v7.00k Hyperref driver for pdfTeX

(c:/texlive/2021/texmf-dist/tex/latex/base/atveryend-ltx.sty
Package: atveryend-ltx 2020/08/19 v1.0a Emulation of the original atvery packag
e
with kernel methods
)
\Fld@listcount=\count278
\c@bookmark@seq@number=\count279

(c:/texlive/2021/texmf-dist/tex/latex/rerunfilecheck/rerunfilecheck.sty
Package: rerunfilecheck 2019/12/05 v1.9 Rerun checks for auxiliary files (HO)

(c:/texlive/2021/texmf-dist/tex/generic/uniquecounter/uniquecounter.sty
Package: uniquecounter 2019/12/15 v1.4 Provide unlimited unique counter (HO)
)
Package uniquecounter Info: New unique counter `rerunfilecheck' on input line 2
86.
)
\Hy@SectionHShift=\skip53
)
(c:/texlive/2021/texmf-dist/tex/latex/t2/mathtext.sty
Package: mathtext 2018/04/14 v1.0 transparent text-and-math defs
LaTeX Info: Redefining \halign on input line 121.
)
LaTeX Info: Redefining \so on input line 15.

(c:/texlive/2021/texmf-dist/tex/latex/fancyhdr/fancyhdr.sty
Package: fancyhdr 2021/01/28 v4.0.1 Extensive control of page headers and foote
rs
\f@nch@headwidth=\skip54
\f@nch@O@elh=\skip55
\f@nch@O@erh=\skip56
\f@nch@O@olh=\skip57
\f@nch@O@orh=\skip58
\f@nch@O@elf=\skip59
\f@nch@O@erf=\skip60
\f@nch@O@olf=\skip61
\f@nch@O@orf=\skip62
)
\c@zcounter=\count280

(c:/texlive/2021/texmf-dist/tex/latex/l3backend/l3backend-pdftex.def
File: l3backend-pdftex.def 2021-03-18 L3 backend support: PDF output (pdfTeX)
\l__color_backend_stack_int=\count281
\l__pdf_internal_box=\box49
)
(./Project A.aux
LaTeX Font Info:    Trying to load font information for T2A+cmr on input line 2
2.
 (c:/texlive/2021/texmf-dist/tex/latex/cyrillic/t2acmr.fd
File: t2acmr.fd 2001/08/11 v1.0a Computer Modern Cyrillic font definitions
))
\openout1 = `"Project A.aux"'.

LaTeX Font Info:    Checking defaults for OML/cmm/m/it on input line 50.
LaTeX Font Info:    ... okay on input line 50.
LaTeX Font Info:    Checking defaults for OMS/cmsy/m/n on input line 50.
LaTeX Font Info:    ... okay on input line 50.
LaTeX Font Info:    Checking defaults for OT1/cmr/m/n on input line 50.
LaTeX Font Info:    ... okay on input line 50.
LaTeX Font Info:    Checking defaults for T1/cmr/m/n on input line 50.
LaTeX Font Info:    ... okay on input line 50.
LaTeX Font Info:    Checking defaults for TS1/cmr/m/n on input line 50.
LaTeX Font Info:    ... okay on input line 50.
LaTeX Font Info:    Checking defaults for OMX/cmex/m/n on input line 50.
LaTeX Font Info:    ... okay on input line 50.
LaTeX Font Info:    Checking defaults for U/cmr/m/n on input line 50.
LaTeX Font Info:    ... okay on input line 50.
LaTeX Font Info:    Checking defaults for T2A/cmr/m/n on input line 50.
LaTeX Font Info:    ... okay on input line 50.
LaTeX Font Info:    Checking defaults for PD1/pdf/m/n on input line 50.
LaTeX Font Info:    ... okay on input line 50.
LaTeX Font Info:    Checking defaults for PU/pdf/m/n on input line 50.
LaTeX Font Info:    ... okay on input line 50.
LaTeX Info: Redefining \th on input line 50.

*geometry* driver: auto-detecting
*geometry* detected driver: pdftex
*geometry* verbose mode - [ preamble ] result:
* driver: pdftex
* paper: a4paper
* layout: <same size as paper>
* layoutoffset:(h,v)=(0.0pt,0.0pt)
* modes: 
* h-part:(L,W,R)=(17.07164pt, 563.3646pt, 17.07164pt)
* v-part:(T,H,B)=(48.36967pt, 739.77167pt, 56.9055pt)
* \paperwidth=597.50787pt
* \paperheight=845.04684pt
* \textwidth=563.3646pt
* \textheight=739.77167pt
* \oddsidemargin=-55.19835pt
* \evensidemargin=-55.19835pt
* \topmargin=-60.90031pt
* \headheight=12.0pt
* \headsep=25.0pt
* \topskip=10.0pt
* \footskip=19.91692pt
* \marginparwidth=57.0pt
* \marginparsep=11.0pt
* \columnsep=10.0pt
* \skip\footins=9.0pt plus 4.0pt minus 2.0pt
* \hoffset=0.0pt
* \voffset=0.0pt
* \mag=1000
* \@twocolumnfalse
* \@twosidefalse
* \@mparswitchfalse
* \@reversemarginfalse
* (1in=72.27pt=25.4mm, 1cm=28.453pt)

(c:/texlive/2021/texmf-dist/tex/context/base/mkii/supp-pdf.mkii
[Loading MPS to PDF converter (version 2006.09.02).]
\scratchcounter=\count282
\scratchdimen=\dimen166
\scratchbox=\box50
\nofMPsegments=\count283
\nofMParguments=\count284
\everyMPshowfont=\toks28
\MPscratchCnt=\count285
\MPscratchDim=\dimen167
\MPnumerator=\count286
\makeMPintoPDFobject=\count287
\everyMPtoPDFconversion=\toks29
) (c:/texlive/2021/texmf-dist/tex/latex/epstopdf-pkg/epstopdf-base.sty
Package: epstopdf-base 2020-01-24 v2.11 Base part for package epstopdf
Package epstopdf-base Info: Redefining graphics rule for `.eps' on input line 4
85.

(c:/texlive/2021/texmf-dist/tex/latex/latexconfig/epstopdf-sys.cfg
File: epstopdf-sys.cfg 2010/07/13 v1.3 Configuration of (r)epstopdf for TeX Liv
e
))
Package hyperref Info: Link coloring OFF on input line 50.

(c:/texlive/2021/texmf-dist/tex/latex/hyperref/nameref.sty
Package: nameref 2021-04-02 v2.47 Cross-referencing by name of section

(c:/texlive/2021/texmf-dist/tex/latex/refcount/refcount.sty
Package: refcount 2019/12/15 v3.6 Data extraction from label references (HO)
)
(c:/texlive/2021/texmf-dist/tex/generic/gettitlestring/gettitlestring.sty
Package: gettitlestring 2019/12/15 v1.6 Cleanup title references (HO)
)
\c@section@level=\count288
)
LaTeX Info: Redefining \ref on input line 50.
LaTeX Info: Redefining \pageref on input line 50.
LaTeX Info: Redefining \nameref on input line 50.

(./Project A.out) (./Project A.out)
\@outlinefile=\write3
\openout3 = `"Project A.out"'.

LaTeX Font Info:    Trying to load font information for U+msa on input line 61.


(c:/texlive/2021/texmf-dist/tex/latex/amsfonts/umsa.fd
File: umsa.fd 2013/01/14 v3.01 AMS symbols A
)
LaTeX Font Info:    Trying to load font information for U+msb on input line 61.


(c:/texlive/2021/texmf-dist/tex/latex/amsfonts/umsb.fd
File: umsb.fd 2013/01/14 v3.01 AMS symbols B
)
<1. –†–∞–¥–∏–∫–∞–ª—å–Ω–∞—è –æ—Å—å –∏ —Å—Ç–µ–ø–µ–Ω—å —Ç–æ—á–∫–∏//1.png, id=4, 71
0.655pt x 600.2425pt>
File: 1. –†–∞–¥–∏–∫–∞–ª—å–Ω–∞—è –æ—Å—å –∏ —Å—Ç–µ–ø–µ–Ω—å —Ç–æ—á–∫–∏//1.png Grap
hic file (type png)
<use 1. –†–∞–¥–∏–∫–∞–ª—å–Ω–∞—è –æ—Å—å –∏ —Å—Ç–µ–ø–µ–Ω—å —Ç–æ—á–∫–∏//1.png>
Package pdftex.def Info: 1. –†–∞–¥–∏–∫–∞–ª—å–Ω–∞—è –æ—Å—å –∏ —Å—Ç–µ–ø–µ–Ω—å —Ç–
æ—á–∫–∏//1.png  used on input line 66.
(pdftex.def)             Requested size: 235.80727pt x 199.16928pt.
<1. –†–∞–¥–∏–∫–∞–ª—å–Ω–∞—è –æ—Å—å –∏ —Å—Ç–µ–ø–µ–Ω—å —Ç–æ—á–∫–∏//2.png, id=6, 11
15.16624pt x 673.51625pt>
File: 1. –†–∞–¥–∏–∫–∞–ª—å–Ω–∞—è –æ—Å—å –∏ —Å—Ç–µ–ø–µ–Ω—å —Ç–æ—á–∫–∏//2.png Grap
hic file (type png)
<use 1. –†–∞–¥–∏–∫–∞–ª—å–Ω–∞—è –æ—Å—å –∏ —Å—Ç–µ–ø–µ–Ω—å —Ç–æ—á–∫–∏//2.png>
Package pdftex.def Info: 1. –†–∞–¥–∏–∫–∞–ª—å–Ω–∞—è –æ—Å—å –∏ —Å—Ç–µ–ø–µ–Ω—å —Ç–
æ—á–∫–∏//2.png  used on input line 78.
(pdftex.def)             Requested size: 329.77095pt x 199.16928pt.
 [1{c:/texlive/2021/texmf-var/fonts/map/pdftex/updmap/pdftex.map}

 <./1. –†–∞–¥–∏–∫–∞–ª—å–Ω–∞—è –æ—Å—å –∏ —Å—Ç–µ–ø–µ–Ω—å —Ç–æ—á–∫–∏//1.png> <./1.
 –†–∞–¥–∏–∫–∞–ª—å–Ω–∞—è –æ—Å—å –∏ —Å—Ç–µ–ø–µ–Ω—å —Ç–æ—á–∫–∏//2.png>]
<1. –†–∞–¥–∏–∫–∞–ª—å–Ω–∞—è –æ—Å—å –∏ —Å—Ç–µ–ø–µ–Ω—å —Ç–æ—á–∫–∏//3.png, id=26, 1
022.82124pt x 662.475pt>
File: 1. –†–∞–¥–∏–∫–∞–ª—å–Ω–∞—è –æ—Å—å –∏ —Å—Ç–µ–ø–µ–Ω—å —Ç–æ—á–∫–∏//3.png Grap
hic file (type png)
<use 1. –†–∞–¥–∏–∫–∞–ª—å–Ω–∞—è –æ—Å—å –∏ —Å—Ç–µ–ø–µ–Ω—å —Ç–æ—á–∫–∏//3.png>
Package pdftex.def Info: 1. –†–∞–¥–∏–∫–∞–ª—å–Ω–∞—è –æ—Å—å –∏ —Å—Ç–µ–ø–µ–Ω—å —Ç–
æ—á–∫–∏//3.png  used on input line 91.
(pdftex.def)             Requested size: 307.50423pt x 199.16928pt.
<1. –†–∞–¥–∏–∫–∞–ª—å–Ω–∞—è –æ—Å—å –∏ —Å—Ç–µ–ø–µ–Ω—å —Ç–æ—á–∫–∏//4.png, id=27, 6
73.51625pt x 609.27625pt>
File: 1. –†–∞–¥–∏–∫–∞–ª—å–Ω–∞—è –æ—Å—å –∏ —Å—Ç–µ–ø–µ–Ω—å —Ç–æ—á–∫–∏//4.png Grap
hic file (type png)
<use 1. –†–∞–¥–∏–∫–∞–ª—å–Ω–∞—è –æ—Å—å –∏ —Å—Ç–µ–ø–µ–Ω—å —Ç–æ—á–∫–∏//4.png>
Package pdftex.def Info: 1. –†–∞–¥–∏–∫–∞–ª—å–Ω–∞—è –æ—Å—å –∏ —Å—Ç–µ–ø–µ–Ω—å —Ç–
æ—á–∫–∏//4.png  used on input line 104.
(pdftex.def)             Requested size: 220.16454pt x 199.16928pt.
 [2 <./1. –†–∞–¥–∏–∫–∞–ª—å–Ω–∞—è –æ—Å—å –∏ —Å—Ç–µ–ø–µ–Ω—å —Ç–æ—á–∫–∏//3.png> <.
/1. –†–∞–¥–∏–∫–∞–ª—å–Ω–∞—è –æ—Å—å –∏ —Å—Ç–µ–ø–µ–Ω—å —Ç–æ—á–∫–∏//4.png>]
<1. –†–∞–¥–∏–∫–∞–ª—å–Ω–∞—è –æ—Å—å –∏ —Å—Ç–µ–ø–µ–Ω—å —Ç–æ—á–∫–∏//5.png, id=36, 6
73.51625pt x 609.27625pt>
File: 1. –†–∞–¥–∏–∫–∞–ª—å–Ω–∞—è –æ—Å—å –∏ —Å—Ç–µ–ø–µ–Ω—å —Ç–æ—á–∫–∏//5.png Grap
hic file (type png)
<use 1. –†–∞–¥–∏–∫–∞–ª—å–Ω–∞—è –æ—Å—å –∏ —Å—Ç–µ–ø–µ–Ω—å —Ç–æ—á–∫–∏//5.png>
Package pdftex.def Info: 1. –†–∞–¥–∏–∫–∞–ª—å–Ω–∞—è –æ—Å—å –∏ —Å—Ç–µ–ø–µ–Ω—å —Ç–
æ—á–∫–∏//5.png  used on input line 117.
(pdftex.def)             Requested size: 220.16454pt x 199.16928pt.
<1. –†–∞–¥–∏–∫–∞–ª—å–Ω–∞—è –æ—Å—å –∏ —Å—Ç–µ–ø–µ–Ω—å —Ç–æ—á–∫–∏//6.png, id=37, 8
24.07875pt x 690.58pt>
File: 1. –†–∞–¥–∏–∫–∞–ª—å–Ω–∞—è –æ—Å—å –∏ —Å—Ç–µ–ø–µ–Ω—å —Ç–æ—á–∫–∏//6.png Grap
hic file (type png)
<use 1. –†–∞–¥–∏–∫–∞–ª—å–Ω–∞—è –æ—Å—å –∏ —Å—Ç–µ–ø–µ–Ω—å —Ç–æ—á–∫–∏//6.png>
Package pdftex.def Info: 1. –†–∞–¥–∏–∫–∞–ª—å–Ω–∞—è –æ—Å—å –∏ —Å—Ç–µ–ø–µ–Ω—å —Ç–
æ—á–∫–∏//6.png  used on input line 130.
(pdftex.def)             Requested size: 237.66898pt x 199.16928pt.
 [3 <./1. –†–∞–¥–∏–∫–∞–ª—å–Ω–∞—è –æ—Å—å –∏ —Å—Ç–µ–ø–µ–Ω—å —Ç–æ—á–∫–∏//5.png>]
<1. –†–∞–¥–∏–∫–∞–ª—å–Ω–∞—è –æ—Å—å –∏ —Å—Ç–µ–ø–µ–Ω—å —Ç–æ—á–∫–∏//7.png, id=45, 8
24.07875pt x 690.58pt>
File: 1. –†–∞–¥–∏–∫–∞–ª—å–Ω–∞—è –æ—Å—å –∏ —Å—Ç–µ–ø–µ–Ω—å —Ç–æ—á–∫–∏//7.png Grap
hic file (type png)
<use 1. –†–∞–¥–∏–∫–∞–ª—å–Ω–∞—è –æ—Å—å –∏ —Å—Ç–µ–ø–µ–Ω—å —Ç–æ—á–∫–∏//7.png>
Package pdftex.def Info: 1. –†–∞–¥–∏–∫–∞–ª—å–Ω–∞—è –æ—Å—å –∏ —Å—Ç–µ–ø–µ–Ω—å —Ç–
æ—á–∫–∏//7.png  used on input line 147.
(pdftex.def)             Requested size: 237.66898pt x 199.16928pt.
 [4 <./1. –†–∞–¥–∏–∫–∞–ª—å–Ω–∞—è –æ—Å—å –∏ —Å—Ç–µ–ø–µ–Ω—å —Ç–æ—á–∫–∏//6.png> <.
/1. –†–∞–¥–∏–∫–∞–ª—å–Ω–∞—è –æ—Å—å –∏ —Å—Ç–µ–ø–µ–Ω—å —Ç–æ—á–∫–∏//7.png>] [5]pdfT
eX warning (ext4): destination with the same identifier (name{zcounter.1}) has 
been already used, duplicate ignored
<to be read again> 
                   \relax 
l.164 \begin{z}
               –¢–æ—á–∫–∞ $O$ --- —Ü–µ–Ω—Ç—Ä –æ–ø–∏—Å–∞–Ω–Ω–æ–π –æ–∫—Ä—É–∂–Ω...
pdfTeX warning (ext4): destination with the same identifier (name{zcounter.2}) 
has been already used, duplicate ignored
<to be read again> 
                   \relax 
l.168 \begin{z}
               –í—ã—Å–æ—Ç—ã –æ—Å—Ç—Ä–æ—É–≥–æ–ª—å–Ω–æ–≥–æ —Ç—Ä–µ—É–≥–æ–ª—å–Ω–...
pdfTeX warning (ext4): destination with the same identifier (name{zcounter.3}) 
has been already used, duplicate ignored
<to be read again> 
                   \relax 
l.172 \begin{z}
               –í –≤—ã–ø—É–∫–ª–æ–º —á–µ—Ç—ã—Ä–µ—Ö—É–≥–æ–ª—å–Ω–∏–∫–µ $ABCD$ —...
pdfTeX warning (ext4): destination with the same identifier (name{zcounter.4}) 
has been already used, duplicate ignored
<to be read again> 
                   \relax 
l.176 \begin{z}
               –û—Å—Ç—Ä–æ—É–≥–æ–ª—å–Ω—ã–π —Ä–∞–≤–Ω–æ–±–µ–¥—Ä–µ–Ω–Ω—ã–π —Ç—Ä–...
pdfTeX warning (ext4): destination with the same identifier (name{zcounter.5}) 
has been already used, duplicate ignored
<to be read again> 
                   \relax 
l.180 \begin{z}
               –ß–µ—Ç—ã—Ä—ë—Ö—É–≥–æ–ª—å–Ω–∏–∫ $ABCD$ –æ–ø–∏—Å–∞–Ω –æ–∫–æ–ª–æ...
pdfTeX warning (ext4): destination with the same identifier (name{zcounter.6}) 
has been already used, duplicate ignored
<to be read again> 
                   \relax 
l.184 \begin{z}
               –î–∞–Ω —Ç—Ä–µ—É–≥–æ–ª—å–Ω–∏–∫ $ABC$. –†–∞—Å—Å–º–æ—Ç—Ä–∏–º —Ç—...
pdfTeX warning (ext4): destination with the same identifier (name{zcounter.7}) 
has been already used, duplicate ignored
<to be read again> 
                   \relax 
l.188 \begin{z}
               –û–∫—Ä—É–∂–Ω–æ—Å—Ç—å $\omega$ –∫–∞—Å–∞–µ—Ç—Å—è —Å—Ç–æ—Ä–æ–Ω $...
[6

]pdfTeX warning (ext4): destination with the same identifier (name{zcounter.1})
 has been already used, duplicate ignored
<to be read again> 
                   \relax 
l.205 \begin{z}
               –î–∞–Ω –æ—Å—Ç—Ä–æ—É–≥–æ–ª—å–Ω—ã–π —Ç—Ä–µ—É–≥–æ–ª—å–Ω–∏–∫ $ABC...
pdfTeX warning (ext4): destination with the same identifier (name{zcounter.2}) 
has been already used, duplicate ignored
<to be read again> 
                   \relax 
l.209 \begin{z}
               –¢–æ—á–∫–∞ $O$ --- —Ü–µ–Ω—Ç—Ä –æ–ø–∏—Å–∞–Ω–Ω–æ–π –æ–∫—Ä—É–∂–Ω...
pdfTeX warning (ext4): destination with the same identifier (name{zcounter.3}) 
has been already used, duplicate ignored
<to be read again> 
                   \relax 
l.213 \begin{z}
               –¢—Ä–∞–ø–µ—Ü–∏—è $ABCD$ —Å –æ—Å–Ω–æ–≤–∞–Ω–∏—è–º–∏ $AD$ –∏ $BC...
pdfTeX warning (ext4): destination with the same identifier (name{zcounter.4}) 
has been already used, duplicate ignored
<to be read again> 
                   \relax 
l.217 \begin{z}
               $BB_1$ –∏ $CC_1$ --- –≤—ã—Å–æ—Ç—ã —Ç—Ä–µ—É–≥–æ–ª—å–Ω–∏–∫–∞ $A...
[7

]pdfTeX warning (ext4): destination with the same identifier (name{zcounter.1})
 has been already used, duplicate ignored
<to be read again> 
                   \relax 
l.227 \begin{z}
               –î–∞–Ω –æ—Å—Ç—Ä–æ—É–≥–æ–ª—å–Ω—ã–π —Ç—Ä–µ—É–≥–æ–ª—å–Ω–∏–∫ $ABC...
<4. –ê–Ω—Ç–∏–ø–∞—Ä–∞–ª–ª–µ–ª—å–Ω–æ—Å—Ç—å//1.png, id=68, 738.76pt x 598.235pt>
File: 4. –ê–Ω—Ç–∏–ø–∞—Ä–∞–ª–ª–µ–ª—å–Ω–æ—Å—Ç—å//1.png Graphic file (type png)
<use 4. –ê–Ω—Ç–∏–ø–∞—Ä–∞–ª–ª–µ–ª—å–Ω–æ—Å—Ç—å//1.png>
Package pdftex.def Info: 4. –ê–Ω—Ç–∏–ø–∞—Ä–∞–ª–ª–µ–ª—å–Ω–æ—Å—Ç—å//1.png  used o
n input line 232.
(pdftex.def)             Requested size: 245.95587pt x 199.16928pt.
pdfTeX warning (ext4): destination with the same identifier (name{zcounter.2}) 
has been already used, duplicate ignored
<to be read again> 
                   \relax 
l.240 \begin{z}
               –ü—É—Å—Ç—å $\gamma$ –æ–∫—Ä—É–∂–Ω–æ—Å—Ç—å, –æ–ø–∏—Å–∞–Ω–Ω–∞—è ...
<4. –ê–Ω—Ç–∏–ø–∞—Ä–∞–ª–ª–µ–ª—å–Ω–æ—Å—Ç—å//2.png, id=69, 738.76pt x 598.235pt>
File: 4. –ê–Ω—Ç–∏–ø–∞—Ä–∞–ª–ª–µ–ª—å–Ω–æ—Å—Ç—å//2.png Graphic file (type png)
<use 4. –ê–Ω—Ç–∏–ø–∞—Ä–∞–ª–ª–µ–ª—å–Ω–æ—Å—Ç—å//2.png>
Package pdftex.def Info: 4. –ê–Ω—Ç–∏–ø–∞—Ä–∞–ª–ª–µ–ª—å–Ω–æ—Å—Ç—å//2.png  used o
n input line 245.
(pdftex.def)             Requested size: 245.95587pt x 199.16928pt.
pdfTeX warning (ext4): destination with the same identifier (name{zcounter.3}) 
has been already used, duplicate ignored
<to be read again> 
                   \relax 
l.253 \begin{z}
               –ù–∞ —Å—Ç–æ—Ä–æ–Ω–µ $AC$ —Ä–∞–≤–Ω–æ–±–µ–¥—Ä–µ–Ω–Ω–æ–≥–æ —Ç—Ä–...
[8

 <./4. –ê–Ω—Ç–∏–ø–∞—Ä–∞–ª–ª–µ–ª—å–Ω–æ—Å—Ç—å//1.png> <./4. –ê–Ω—Ç–∏–ø–∞—Ä–∞–ª–ª–
µ–ª—å–Ω–æ—Å—Ç—å//2.png>]
<4. –ê–Ω—Ç–∏–ø–∞—Ä–∞–ª–ª–µ–ª—å–Ω–æ—Å—Ç—å//3.png, id=76, 738.76pt x 598.235pt>
File: 4. –ê–Ω—Ç–∏–ø–∞—Ä–∞–ª–ª–µ–ª—å–Ω–æ—Å—Ç—å//3.png Graphic file (type png)
<use 4. –ê–Ω—Ç–∏–ø–∞—Ä–∞–ª–ª–µ–ª—å–Ω–æ—Å—Ç—å//3.png>
Package pdftex.def Info: 4. –ê–Ω—Ç–∏–ø–∞—Ä–∞–ª–ª–µ–ª—å–Ω–æ—Å—Ç—å//3.png  used o
n input line 258.
(pdftex.def)             Requested size: 245.95587pt x 199.16928pt.
pdfTeX warning (ext4): destination with the same identifier (name{zcounter.4}) 
has been already used, duplicate ignored
<to be read again> 
                   \relax 
l.266 \begin{z}
               –ß–µ—Ç—ã—Ä—ë—Ö—É–≥–æ–ª—å–Ω–∏–∫ $ABCD$ –æ–ø–∏—Å–∞–Ω –æ–∫–æ–ª–æ...
<4. –ê–Ω—Ç–∏–ø–∞—Ä–∞–ª–ª–µ–ª—å–Ω–æ—Å—Ç—å//4.png, id=77, 738.76pt x 598.235pt>
File: 4. –ê–Ω—Ç–∏–ø–∞—Ä–∞–ª–ª–µ–ª—å–Ω–æ—Å—Ç—å//4.png Graphic file (type png)
<use 4. –ê–Ω—Ç–∏–ø–∞—Ä–∞–ª–ª–µ–ª—å–Ω–æ—Å—Ç—å//4.png>
Package pdftex.def Info: 4. –ê–Ω—Ç–∏–ø–∞—Ä–∞–ª–ª–µ–ª—å–Ω–æ—Å—Ç—å//4.png  used o
n input line 270.
(pdftex.def)             Requested size: 245.95587pt x 199.16928pt.
[9 <./4. –ê–Ω—Ç–∏–ø–∞—Ä–∞–ª–ª–µ–ª—å–Ω–æ—Å—Ç—å//3.png> <./4. –ê–Ω—Ç–∏–ø–∞—Ä–∞–ª–
ª–µ–ª—å–Ω–æ—Å—Ç—å//4.png>]pdfTeX warning (ext4): destination with the same iden
tifier (name{zcounter.0}) has been already used, duplicate ignored
<to be read again> 
                   \relax 
l.285 \begin{z}
               –ë–∏—Å—Å–µ–∫—Ç—Ä–∏—Å–∞ —Ç—Ä–µ—É–≥–æ–ª—å–Ω–∏–∫–∞ —è–≤–ª—è–µ—Ç—...
pdfTeX warning (ext4): destination with the same identifier (name{zcounter.1}) 
has been already used, duplicate ignored
<to be read again> 
                   \relax 
l.289 \begin{z}
               –ü—É—Å—Ç—å $OP$ --- –¥–∏–∞–º–µ—Ç—Ä –æ–∫—Ä—É–∂–Ω–æ—Å—Ç–∏ $\Ome...
<5. –°–∏–º–µ–¥–∏–∞–Ω–∞//1.png, id=84, 858.20625pt x 582.175pt>
File: 5. –°–∏–º–µ–¥–∏–∞–Ω–∞//1.png Graphic file (type png)
<use 5. –°–∏–º–µ–¥–∏–∞–Ω–∞//1.png>
Package pdftex.def Info: 5. –°–∏–º–µ–¥–∏–∞–Ω–∞//1.png  used on input line 294.
(pdftex.def)             Requested size: 293.5934pt x 199.16928pt.
pdfTeX warning (ext4): destination with the same identifier (name{zcounter.2}) 
has been already used, duplicate ignored
<to be read again> 
                   \relax 
l.304 \begin{z}
               –í —Ç—Ä–µ—É–≥–æ–ª—å–Ω–∏–∫–µ $ABC$ c —É–≥–ª–æ–º $A$, —Ä–∞–≤–Ω—...
<5. –°–∏–º–µ–¥–∏–∞–Ω–∞//2.png, id=85, 857.2025pt x 699.61375pt>
File: 5. –°–∏–º–µ–¥–∏–∞–Ω–∞//2.png Graphic file (type png)
<use 5. –°–∏–º–µ–¥–∏–∞–Ω–∞//2.png>
Package pdftex.def Info: 5. –°–∏–º–µ–¥–∏–∞–Ω–∞//2.png  used on input line 309.
(pdftex.def)             Requested size: 244.03058pt x 199.16928pt.
[10

 <./5. –°–∏–º–µ–¥–∏–∞–Ω–∞//1.png> <./5. –°–∏–º–µ–¥–∏–∞–Ω–∞//2.png>]pdfTeX warni
ng (ext4): destination with the same identifier (name{zcounter.3}) has been alr
eady used, duplicate ignored
<to be read again> 
                   \relax 
l.317 \begin{z}
               –í–ø–∏—Å–∞–Ω–Ω–∞—è –æ–∫—Ä—É–∂–Ω–æ—Å—Ç—å —Ç—Ä–µ—É–≥–æ–ª—å–Ω–∏–...
<5. –°–∏–º–µ–¥–∏–∞–Ω–∞//3.png, id=92, 658.46pt x 456.70625pt>
File: 5. –°–∏–º–µ–¥–∏–∞–Ω–∞//3.png Graphic file (type png)
<use 5. –°–∏–º–µ–¥–∏–∞–Ω–∞//3.png>
Package pdftex.def Info: 5. –°–∏–º–µ–¥–∏–∞–Ω–∞//3.png  used on input line 322.
(pdftex.def)             Requested size: 287.1512pt x 199.16928pt.
pdfTeX warning (ext4): destination with the same identifier (name{zcounter.4}) 
has been already used, duplicate ignored
<to be read again> 
                   \relax 
l.330 \begin{z}
               –í —Ç—Ä–µ—É–≥–æ–ª—å–Ω–∏–∫–µ $ABC$ –ø—Ä–æ–≤–µ–¥–µ–Ω–∞ –±–∏—Å—Å...
<5. –°–∏–º–µ–¥–∏–∞–Ω–∞//4.png, id=93, 738.76pt x 598.235pt>
File: 5. –°–∏–º–µ–¥–∏–∞–Ω–∞//4.png Graphic file (type png)
<use 5. –°–∏–º–µ–¥–∏–∞–Ω–∞//4.png>
Package pdftex.def Info: 5. –°–∏–º–µ–¥–∏–∞–Ω–∞//4.png  used on input line 335.
(pdftex.def)             Requested size: 245.95587pt x 199.16928pt.
[11 <./5. –°–∏–º–µ–¥–∏–∞–Ω–∞//3.png>]pdfTeX warning (ext4): destination with th
e same identifier (name{zcounter.5}) has been already used, duplicate ignored
<to be read again> 
                   \relax 
l.343 \begin{z}
               –¢–æ—á–∫–∞ $M$ --- —Å–µ—Ä–µ–¥–∏–Ω–∞ —Å—Ç–æ—Ä–æ–Ω—ã $AB$ –ø–∞—...
<5. –°–∏–º–µ–¥–∏–∞–Ω–∞//5.png, id=99, 738.76pt x 598.235pt>
File: 5. –°–∏–º–µ–¥–∏–∞–Ω–∞//5.png Graphic file (type png)
<use 5. –°–∏–º–µ–¥–∏–∞–Ω–∞//5.png>
Package pdftex.def Info: 5. –°–∏–º–µ–¥–∏–∞–Ω–∞//5.png  used on input line 348.
(pdftex.def)             Requested size: 245.95587pt x 199.16928pt.
pdfTeX warning (ext4): destination with the same identifier (name{zcounter.6}) 
has been already used, duplicate ignored
<to be read again> 
                   \relax 
l.356 \begin{z}
               –î–∞–Ω –Ω–µ—Ä–∞–≤–Ω–æ–±–µ–¥—Ä–µ–Ω–Ω—ã–π –æ—Å—Ç—Ä–æ—É–≥–æ–ª—å–...
[12 <./5. –°–∏–º–µ–¥–∏–∞–Ω–∞//4.png> <./5. –°–∏–º–µ–¥–∏–∞–Ω–∞//5.png>]
(./Project A.aux)
Package rerunfilecheck Info: File `"Project A".out' has not changed.
(rerunfilecheck)             Checksum: D41D8CD98F00B204E9800998ECF8427E;0.
 ) 
Here is how much of TeX's memory you used:
 11717 strings out of 478994
 165822 string characters out of 5862208
 490383 words of memory out of 5000000
 28998 multiletter control sequences out of 15000+600000
 409598 words of font info for 43 fonts, out of 8000000 for 9000
 1141 hyphenation exceptions out of 8191
 71i,10n,74p,2604b,364s stack positions out of 5000i,500n,10000p,200000b,80000s
{c:/texlive/2021/texmf-dist/fonts/enc/dvips/cm-super/cm-super-t2a.enc}<c:/tex
live/2021/texmf-dist/fonts/type1/public/amsfonts/cm/cmmi10.pfb><c:/texlive/2021
/texmf-dist/fonts/type1/public/amsfonts/cm/cmmi7.pfb><c:/texlive/2021/texmf-dis
t/fonts/type1/public/amsfonts/cm/cmr10.pfb><c:/texlive/2021/texmf-dist/fonts/ty
pe1/public/amsfonts/cm/cmr7.pfb><c:/texlive/2021/texmf-dist/fonts/type1/public/
amsfonts/cm/cmsy10.pfb><c:/texlive/2021/texmf-dist/fonts/type1/public/amsfonts/
cm/cmsy7.pfb><c:/texlive/2021/texmf-dist/fonts/type1/public/amsfonts/symbols/ms
am10.pfb><c:/texlive/2021/texmf-dist/fonts/type1/public/cm-super/sfbx1000.pfb><
c:/texlive/2021/texmf-dist/fonts/type1/public/cm-super/sfbx1200.pfb><c:/texlive
/2021/texmf-dist/fonts/type1/public/cm-super/sfrm1000.pfb><c:/texlive/2021/texm
f-dist/fonts/type1/public/cm-super/sfti1000.pfb>
Output written on "Project A.pdf" (12 pages, 1821458 bytes).
PDF statistics:
 150 PDF objects out of 1000 (max. 8388607)
 92 compressed objects within 1 object stream
 22 named destinations out of 1000 (max. 500000)
 81 words of extra memory for PDF output out of 10000 (max. 10000000)

